<?xml version="1.0" encoding="UTF-8"?>
<testng-results ignored="0" total="1" passed="1" failed="0" skipped="0">
  <reporter-output>
  </reporter-output>
  <suite started-at="2020-02-13T16:46:17 IST" name="Surefire suite" finished-at="2020-02-13T16:46:17 IST" duration-ms="95">
    <groups>
    </groups>
    <test started-at="2020-02-13T16:46:17 IST" name="Surefire test" finished-at="2020-02-13T16:46:17 IST" duration-ms="95">
      <class name="qaclickacademy.SeleniumTest">
        <test-method signature="browser()[pri:0, instance:qaclickacademy.SeleniumTest@55141def]" started-at="2020-02-13T16:46:17 IST" name="browser" finished-at="2020-02-13T16:46:17 IST" duration-ms="8" status="PASS">
          <reporter-output>
          </reporter-output>
        </test-method> <!-- browser -->
      </class> <!-- qaclickacademy.SeleniumTest -->
    </test> <!-- Surefire test -->
  </suite> <!-- Surefire suite -->
</testng-results>
